#
# A fatal error has been detected by the Java Runtime Environment:
#
#  EXCEPTION_ACCESS_VIOLATION (0xc0000005) at pc=0x6d166c40, pid=8708, tid=4808
#
# JRE version: 6.0_25-b06
# Java VM: Java HotSpot(TM) Client VM (20.0-b11 mixed mode, sharing windows-x86 )
# Problematic frame:
# C  [awt.dll+0xb6c40]
#
# If you would like to submit a bug report, please visit:
#   http://java.sun.com/webapps/bugreport/crash.jsp
# The crash happened outside the Java Virtual Machine in native code.
# See problematic frame for where to report the bug.
#

---------------  T H R E A D  ---------------

Current thread (0x023e9400):  JavaThread "AWT-Windows" daemon [_thread_in_native, id=4808, stack(0x04d40000,0x04d90000)]

siginfo: ExceptionCode=0xc0000005, reading address 0x00000000

Registers:
EAX=0x04d8f8a8, EBX=0x07328f40, ECX=0x000000de, EDX=0x00000180
ESP=0x04d8f890, EBP=0x00000000, ESI=0x00000000, EDI=0x00000180
EIP=0x6d166c40, EFLAGS=0x00010202

Top of Stack: (sp=0x04d8f890)
0x04d8f890:   04d8f8a8 00001000 00000000 023fdf18
0x04d8f8a0:   00000001 04d8f898 04d8f89c 6d15e61d
0x04d8f8b0:   00000000 00000000 023fdf18 6d15e6ea
0x04d8f8c0:   00000000 023fdf18 00000001 6d15e7ee
0x04d8f8d0:   023fdf18 6d113812 0237e5b8 00000000
0x04d8f8e0:   6d160750 00000001 6d1b3f60 6d1b3940
0x04d8f8f0:   0237e5b8 6d161b42 6d1b3f58 6d161d29
0x04d8f900:   6d14a583 00000000 75761450 000012c8 

Instructions: (pc=0x6d166c40)
0x6d166c20:   d8 56 8b b3 10 a0 00 00 1b c0 57 25 00 f0 ff ff
0x6d166c30:   05 00 20 00 00 50 c1 e2 05 8d 44 24 14 50 8b fa
0x6d166c40:   8b 16 57 c1 e1 05 51 56 ff 52 2c 85 c0 0f 8c 93
0x6d166c50:   00 00 00 8b 53 04 8b cf 8b 7c 24 10 8b c1 c1 e9 


Register to memory mapping:

EAX=0x04d8f8a8 is pointing into the stack for thread: 0x023e9400
EBX=0x07328f40 is an unknown value
ECX=0x000000de is an unknown value
EDX=0x00000180 is an unknown value
ESP=0x04d8f890 is pointing into the stack for thread: 0x023e9400
EBP=0x00000000 is an unknown value
ESI=0x00000000 is an unknown value
EDI=0x00000180 is an unknown value


Stack: [0x04d40000,0x04d90000],  sp=0x04d8f890,  free space=318k
Native frames: (J=compiled Java code, j=interpreted, Vv=VM code, C=native code)
C  [awt.dll+0xb6c40]  D3DVertexCacher::Render+0x50

[error occurred during error reporting (printing native stack), id 0xc0000005]

Java frames: (J=compiled Java code, j=interpreted, Vv=VM code)
j  sun.awt.windows.WToolkit.eventLoop()V+0
j  sun.awt.windows.WToolkit.run()V+52
j  java.lang.Thread.run()V+11
v  ~StubRoutines::call_stub

---------------  P R O C E S S  ---------------

Java Threads: ( => current thread )
  0x073cd400 JavaThread "Thread-1" daemon [_thread_in_native, id=7596, stack(0x09120000,0x09170000)]
  0x07381800 JavaThread "TimerQueue" daemon [_thread_blocked, id=8696, stack(0x07760000,0x077b0000)]
  0x003e9000 JavaThread "DestroyJavaVM" [_thread_blocked, id=4880, stack(0x00430000,0x00480000)]
  0x023eb000 JavaThread "AWT-EventQueue-0" [_thread_blocked, id=7264, stack(0x04dd0000,0x04e20000)]
=>0x023e9400 JavaThread "AWT-Windows" daemon [_thread_in_native, id=4808, stack(0x04d40000,0x04d90000)]
  0x023e8c00 JavaThread "AWT-Shutdown" [_thread_blocked, id=5888, stack(0x04cb0000,0x04d00000)]
  0x023e6800 JavaThread "Java2D Disposer" daemon [_thread_blocked, id=8940, stack(0x04ad0000,0x04b20000)]
  0x02396c00 JavaThread "Low Memory Detector" daemon [_thread_blocked, id=7436, stack(0x048f0000,0x04940000)]
  0x0238d400 JavaThread "C1 CompilerThread0" daemon [_thread_blocked, id=3692, stack(0x04860000,0x048b0000)]
  0x0238c400 JavaThread "Attach Listener" daemon [_thread_blocked, id=348, stack(0x047d0000,0x04820000)]
  0x02389400 JavaThread "Signal Dispatcher" daemon [_thread_blocked, id=4812, stack(0x04740000,0x04790000)]
  0x0237ec00 JavaThread "Finalizer" daemon [_thread_blocked, id=5204, stack(0x046b0000,0x04700000)]
  0x0237c800 JavaThread "Reference Handler" daemon [_thread_blocked, id=8776, stack(0x04620000,0x04670000)]

Other Threads:
  0x02340c00 VMThread [stack: 0x04590000,0x045e0000] [id=9008]
  0x02398400 WatcherThread [stack: 0x04980000,0x049d0000] [id=6320]

VM state:not at safepoint (normal execution)

VM Mutex/Monitor currently owned by a thread: None

Heap
 def new generation   total 4928K, used 3900K [0x24170000, 0x246c0000, 0x296c0000)
  eden space 4416K,  76% used [0x24170000, 0x244bf088, 0x245c0000)
  from space 512K, 100% used [0x24640000, 0x246c0000, 0x246c0000)
  to   space 512K,   0% used [0x245c0000, 0x245c0000, 0x24640000)
 tenured generation   total 10944K, used 542K [0x296c0000, 0x2a170000, 0x34170000)
   the space 10944K,   4% used [0x296c0000, 0x29747940, 0x29747a00, 0x2a170000)
 compacting perm gen  total 12288K, used 1237K [0x34170000, 0x34d70000, 0x38170000)
   the space 12288K,  10% used [0x34170000, 0x342a5518, 0x342a5600, 0x34d70000)
    ro space 10240K,  54% used [0x38170000, 0x386ee770, 0x386ee800, 0x38b70000)
    rw space 12288K,  55% used [0x38b70000, 0x39214ac8, 0x39214c00, 0x39770000)

Code Cache  [0x02410000, 0x024f0000, 0x04410000)
 total_blobs=535 nmethods=323 adapters=148 free_code_cache=32668992 largest_free_block=0

Dynamic libraries:
0x00400000 - 0x00424000 	C:\Program Files (x86)\Java\jdk1.6.0_25\bin\java.exe
0x77750000 - 0x778d0000 	C:\Windows\SysWOW64\ntdll.dll
0x75750000 - 0x75850000 	C:\Windows\syswow64\kernel32.dll
0x76d20000 - 0x76d66000 	C:\Windows\syswow64\KERNELBASE.dll
0x75650000 - 0x756f0000 	C:\Windows\syswow64\ADVAPI32.dll
0x753a0000 - 0x7544c000 	C:\Windows\syswow64\msvcrt.dll
0x76d70000 - 0x76d89000 	C:\Windows\SysWOW64\sechost.dll
0x75b00000 - 0x75bf0000 	C:\Windows\syswow64\RPCRT4.dll
0x752c0000 - 0x75320000 	C:\Windows\syswow64\SspiCli.dll
0x752b0000 - 0x752bc000 	C:\Windows\syswow64\CRYPTBASE.dll
0x7c340000 - 0x7c396000 	C:\Program Files (x86)\Java\jdk1.6.0_25\jre\bin\msvcr71.dll
0x6d8a0000 - 0x6db4f000 	C:\Program Files (x86)\Java\jdk1.6.0_25\jre\bin\client\jvm.dll
0x76e80000 - 0x76f80000 	C:\Windows\syswow64\USER32.dll
0x75910000 - 0x759a0000 	C:\Windows\syswow64\GDI32.dll
0x77720000 - 0x7772a000 	C:\Windows\syswow64\LPK.dll
0x75cc0000 - 0x75d5d000 	C:\Windows\syswow64\USP10.dll
0x75190000 - 0x751c2000 	C:\Windows\system32\WINMM.dll
0x75ed0000 - 0x75f30000 	C:\Windows\system32\IMM32.DLL
0x76d90000 - 0x76e5c000 	C:\Windows\syswow64\MSCTF.dll
0x74d10000 - 0x74d5b000 	C:\Windows\system32\apphelp.dll
0x6d850000 - 0x6d85c000 	C:\Program Files (x86)\Java\jdk1.6.0_25\jre\bin\verify.dll
0x6d3d0000 - 0x6d3ef000 	C:\Program Files (x86)\Java\jdk1.6.0_25\jre\bin\java.dll
0x76e60000 - 0x76e65000 	C:\Windows\syswow64\PSAPI.DLL
0x6d890000 - 0x6d89f000 	C:\Program Files (x86)\Java\jdk1.6.0_25\jre\bin\zip.dll
0x6d0b0000 - 0x6d1fb000 	C:\Program Files (x86)\Java\jdk1.6.0_25\jre\bin\awt.dll
0x74be0000 - 0x74c31000 	C:\Windows\system32\WINSPOOL.DRV
0x75d60000 - 0x75ebc000 	C:\Windows\syswow64\ole32.dll
0x71960000 - 0x71afe000 	C:\Windows\WinSxS\x86_microsoft.windows.common-controls_6595b64144ccf1df_6.0.7600.16661_none_420fe3fa2b8113bd\COMCTL32.dll
0x756f0000 - 0x75747000 	C:\Windows\syswow64\SHLWAPI.dll
0x733b0000 - 0x733c3000 	C:\Windows\system32\DWMAPI.DLL
0x74b00000 - 0x74b80000 	C:\Windows\system32\uxtheme.dll
0x6d2e0000 - 0x6d32f000 	C:\Program Files (x86)\Java\jdk1.6.0_25\jre\bin\fontmanager.dll
0x72fb0000 - 0x73173000 	C:\Windows\system32\d3d9.dll
0x75080000 - 0x75089000 	C:\Windows\system32\VERSION.dll
0x72fa0000 - 0x72fa6000 	C:\Windows\system32\d3d8thk.dll
0x667a0000 - 0x670a6000 	C:\Windows\system32\nvd3dum.dll
0x74ea0000 - 0x74ec5000 	C:\Windows\system32\powrprof.dll
0x75f30000 - 0x760cd000 	C:\Windows\syswow64\SETUPAPI.dll
0x75850000 - 0x75877000 	C:\Windows\syswow64\CFGMGR32.dll
0x75bf0000 - 0x75c7f000 	C:\Windows\syswow64\OLEAUT32.dll
0x759a0000 - 0x759b2000 	C:\Windows\syswow64\DEVOBJ.dll
0x760d0000 - 0x76d19000 	C:\Windows\syswow64\shell32.dll
0x6d6b0000 - 0x6d6c3000 	C:\Program Files (x86)\Java\jdk1.6.0_25\jre\bin\net.dll
0x77040000 - 0x77075000 	C:\Windows\syswow64\WS2_32.dll
0x76e70000 - 0x76e76000 	C:\Windows\syswow64\NSI.dll
0x71da0000 - 0x71ddc000 	C:\Windows\system32\mswsock.dll
0x71cb0000 - 0x71cb6000 	C:\Windows\System32\wship6.dll
0x6d6d0000 - 0x6d6d9000 	C:\Program Files (x86)\Java\jdk1.6.0_25\jre\bin\nio.dll
0x76fb0000 - 0x77033000 	C:\Windows\syswow64\CLBCatQ.DLL
0x734e0000 - 0x735d5000 	C:\Windows\system32\propsys.dll
0x74d60000 - 0x74d81000 	C:\Windows\system32\ntmarta.dll
0x772a0000 - 0x772e5000 	C:\Windows\syswow64\WLDAP32.dll
0x60710000 - 0x608a8000 	C:\Windows\system32\NetworkExplorer.dll
0x5e7e0000 - 0x5e80e000 	C:\Windows\System32\shdocvw.dll
0x74d90000 - 0x74d9b000 	C:\Windows\system32\profapi.dll
0x71750000 - 0x7175a000 	C:\Windows\system32\slc.dll
0x77080000 - 0x7719c000 	C:\Windows\syswow64\CRYPT32.dll
0x75cb0000 - 0x75cbc000 	C:\Windows\syswow64\MSASN1.dll
0x74de0000 - 0x74df6000 	C:\Windows\system32\CRYPTSP.dll
0x74da0000 - 0x74ddb000 	C:\Windows\system32\rsaenh.dll
0x71b10000 - 0x71b1e000 	C:\Windows\system32\RpcRtRemote.dll
0x096a0000 - 0x096cc000 	C:\Program Files (x86)\Common Files\Pure Networks Shared\Platform\10.2.8216.0.nmcorePS.dll
0x72250000 - 0x72262000 	C:\Windows\system32\MPR.dll
0x67480000 - 0x67488000 	C:\Windows\System32\drprov.dll
0x722f0000 - 0x72319000 	C:\Windows\System32\WINSTA.dll
0x65db0000 - 0x65dc4000 	C:\Windows\System32\ntlanman.dll
0x62d40000 - 0x62d57000 	C:\Windows\System32\davclnt.dll
0x65b40000 - 0x65b48000 	C:\Windows\System32\DAVHLPR.dll
0x75010000 - 0x7501f000 	C:\Windows\system32\wkscli.dll
0x722e0000 - 0x722eb000 	C:\Windows\system32\cscapi.dll
0x75040000 - 0x75049000 	C:\Windows\system32\netutils.dll
0x63a00000 - 0x63a89000 	C:\Windows\system32\PortableDeviceApi.dll
0x76f80000 - 0x76fad000 	C:\Windows\syswow64\WINTRUST.dll
0x666d0000 - 0x66701000 	C:\Windows\system32\EhStorShell.dll
0x639d0000 - 0x639f2000 	C:\Windows\system32\EhStorAPI.dll
0x65ae0000 - 0x65ae9000 	C:\Windows\system32\LINKINFO.dll
0x614f0000 - 0x6151f000 	C:\Windows\system32\XmlLite.dll
0x638e0000 - 0x6397f000 	C:\Windows\system32\SearchFolder.dll
0x63880000 - 0x638dc000 	C:\Windows\System32\StructuredQuery.dll
0x73480000 - 0x73488000 	C:\Windows\System32\Secur32.dll
0x6b380000 - 0x6b47b000 	C:\Windows\system32\WindowsCodecs.dll
0x65eb0000 - 0x662bb000 	C:\PROGRA~2\MIF5BA~1\Office14\GROOVEEX.DLL
0x72090000 - 0x72133000 	C:\Windows\WinSxS\x86_microsoft.vc90.crt_1fc8b3b9a1e18e3b_9.0.30729.6161_none_50934f2ebcb7eb57\MSVCR90.dll
0x72140000 - 0x721ce000 	C:\Windows\WinSxS\x86_microsoft.vc90.crt_1fc8b3b9a1e18e3b_9.0.30729.6161_none_50934f2ebcb7eb57\MSVCP90.dll
0x66720000 - 0x6674b000 	C:\Windows\WinSxS\x86_microsoft.vc90.atl_1fc8b3b9a1e18e3b_9.0.30729.6161_none_51cd0a7abbe4e19b\ATL90.DLL
0x662c0000 - 0x666cf000 	C:\PROGRA~2\COMMON~1\MICROS~1\OFFICE14\Cultures\office.odf
0x64660000 - 0x64ede000 	C:\PROGRA~2\MIF5BA~1\Office14\3082\GrooveIntlResource.dll
0x64580000 - 0x645ef000 	C:\Windows\system32\ntshrui.dll
0x75020000 - 0x75039000 	C:\Windows\system32\srvcli.dll
0x74ed0000 - 0x74fbb000 	C:\Windows\system32\dbghelp.dll

VM Arguments:
jvm_args: -Dfile.encoding=UTF-8 
java_command: Clases.Profile
Launcher Type: SUN_STANDARD

Environment Variables:
PATH=C:\Program Files\Common Files\Microsoft Shared\Windows Live;C:\Program Files (x86)\Common Files\Microsoft Shared\Windows Live;C:\Windows\system32;C:\Windows;C:\Windows\System32\Wbem;C:\Windows\System32\WindowsPowerShell\v1.0\;C:\Program Files\Dell\DW WLAN Card;c:\Program Files\WIDCOMM\Bluetooth Software\;c:\Program Files\WIDCOMM\Bluetooth Software\syswow64;C:\Program Files (x86)\Windows Live\Shared;C:\Program Files (x86)\IVI Foundation\VISA\WinNT\Bin;C:\Program Files (x86)\Java\jdk1.6.0_26\bin
USERNAME=Gustavo
OS=Windows_NT
PROCESSOR_IDENTIFIER=Intel64 Family 6 Model 23 Stepping 10, GenuineIntel



---------------  S Y S T E M  ---------------

OS: Windows 7 Build 7600 

CPU:total 2 (2 cores per cpu, 1 threads per core) family 6 model 23 stepping 10, cmov, cx8, fxsr, mmx, sse, sse2, sse3, ssse3, sse4.1

Memory: 4k page, physical 4092744k(1517220k free), swap 8183588k(5061744k free)

vm_info: Java HotSpot(TM) Client VM (20.0-b11) for windows-x86 JRE (1.6.0_25-b06), built on Apr 14 2011 01:04:32 by "java_re" with MS VC++ 7.1 (VS2003)

time: Thu Nov 24 13:38:34 2011
elapsed time: 1471 seconds

